# JRE version: OpenJDK Runtime Environment Zulu13.35+1017-CA (13.0.5.1+1) (build 13.0.5.1+1-MTS)
# Java VM: OpenJDK 64-Bit Server VM Zulu13.35+1017-CA (13.0.5.1+1-MTS, mixed mode, tiered, compressed oops, g1 gc, bsd-aarch64)
Heap:
 garbage-first heap   total 149504K, used 75970K [0x00000006c0000000, 0x00000007c0000000)
  region size 1024K, 66 young (67584K), 2 survivors (2048K)
 Metaspace       used 25480K, capacity 26721K, committed 26800K, reserved 1073152K
  class space    used 3369K, capacity 4061K, committed 4096K, reserved 1048576K
GC Heap History (20 events):
Event: 0.834 GC heap before
{Heap before GC invocations=1 (full 0):
 garbage-first heap   total 262144K, used 77644K [0x00000006c0000000, 0x00000007c0000000)
  region size 1024K, 73 young (74752K), 3 survivors (3072K)
 Metaspace       used 20675K, capacity 21188K, committed 21296K, reserved 1069056K
  class space    used 2324K, capacity 2647K, committed 2688K, reserved 1048576K
}
Event: 0.837 GC heap after
{Heap after GC invocations=2 (full 0):
 garbage-first heap   total 262144K, used 8384K [0x00000006c0000000, 0x00000007c0000000)
  region size 1024K, 5 young (5120K), 5 survivors (5120K)
 Metaspace       used 20675K, capacity 21188K, committed 21296K, reserved 1069056K
  class space    used 2324K, capacity 2647K, committed 2688K, reserved 1048576K
}
Event: 0.944 GC heap before
{Heap before GC invocations=3 (full 0):
 garbage-first heap   total 34816K, used 30912K [0x00000006c0000000, 0x00000007c0000000)
  region size 1024K, 27 young (27648K), 5 survivors (5120K)
 Metaspace       used 20827K, capacity 21407K, committed 21552K, reserved 1069056K
  class space    used 2360K, capacity 2682K, committed 2688K, reserved 1048576K
}
Event: 0.947 GC heap after
{Heap after GC invocations=4 (full 0):
 garbage-first heap   total 36864K, used 8505K [0x00000006c0000000, 0x00000007c0000000)
  region size 1024K, 2 young (2048K), 2 survivors (2048K)
 Metaspace       used 20827K, capacity 21407K, committed 21552K, reserved 1069056K
  class space    used 2360K, capacity 2682K, committed 2688K, reserved 1048576K
}
Event: 1.020 GC heap before
{Heap before GC invocations=4 (full 0):
 garbage-first heap   total 36864K, used 24889K [0x00000006c0000000, 0x00000007c0000000)
  region size 1024K, 19 young (19456K), 2 survivors (2048K)
 Metaspace       used 21014K, capacity 21655K, committed 21936K, reserved 1069056K
  class space    used 2420K, capacity 2769K, committed 2816K, reserved 1048576K
}
Event: 1.021 GC heap after
{Heap after GC invocations=5 (full 0):
 garbage-first heap   total 36864K, used 8547K [0x00000006c0000000, 0x00000007c0000000)
  region size 1024K, 2 young (2048K), 2 survivors (2048K)
 Metaspace       used 21014K, capacity 21655K, committed 21936K, reserved 1069056K
  class space    used 2420K, capacity 2769K, committed 2816K, reserved 1048576K
}
Event: 1.091 GC heap before
{Heap before GC invocations=5 (full 0):
 garbage-first heap   total 36864K, used 24931K [0x00000006c0000000, 0x00000007c0000000)
  region size 1024K, 19 young (19456K), 2 survivors (2048K)
 Metaspace       used 21205K, capacity 21888K, committed 22064K, reserved 1069056K
  class space    used 2457K, capacity 2835K, committed 2944K, reserved 1048576K
}
Event: 1.092 GC heap after
{Heap after GC invocations=6 (full 0):
 garbage-first heap   total 36864K, used 8129K [0x00000006c0000000, 0x00000007c0000000)
  region size 1024K, 1 young (1024K), 1 survivors (1024K)
 Metaspace       used 21205K, capacity 21888K, committed 22064K, reserved 1069056K
  class space    used 2457K, capacity 2835K, committed 2944K, reserved 1048576K
}
Event: 1.139 GC heap before
{Heap before GC invocations=6 (full 0):
 garbage-first heap   total 36864K, used 26561K [0x00000006c0000000, 0x00000007c0000000)
  region size 1024K, 19 young (19456K), 1 survivors (1024K)
 Metaspace       used 21548K, capacity 22258K, committed 22576K, reserved 1069056K
  class space    used 2531K, capacity 2926K, committed 2944K, reserved 1048576K
}
Event: 1.140 GC heap after
{Heap after GC invocations=7 (full 0):
 garbage-first heap   total 36864K, used 8125K [0x00000006c0000000, 0x00000007c0000000)
  region size 1024K, 1 young (1024K), 1 survivors (1024K)
 Metaspace       used 21548K, capacity 22258K, committed 22576K, reserved 1069056K
  class space    used 2531K, capacity 2926K, committed 2944K, reserved 1048576K
}
Event: 1.180 GC heap before
{Heap before GC invocations=7 (full 0):
 garbage-first heap   total 36864K, used 25533K [0x00000006c0000000, 0x00000007c0000000)
  region size 1024K, 19 young (19456K), 1 survivors (1024K)
 Metaspace       used 21768K, capacity 22520K, committed 22704K, reserved 1069056K
  class space    used 2593K, capacity 3013K, committed 3072K, reserved 1048576K
}
Event: 1.181 GC heap after
{Heap after GC invocations=8 (full 0):
 garbage-first heap   total 36864K, used 9215K [0x00000006c0000000, 0x00000007c0000000)
  region size 1024K, 2 young (2048K), 2 survivors (2048K)
 Metaspace       used 21768K, capacity 22520K, committed 22704K, reserved 1069056K
  class space    used 2593K, capacity 3013K, committed 3072K, reserved 1048576K
}
Event: 1.243 GC heap before
{Heap before GC invocations=8 (full 0):
 garbage-first heap   total 36864K, used 26623K [0x00000006c0000000, 0x00000007c0000000)
  region size 1024K, 20 young (20480K), 2 survivors (2048K)
 Metaspace       used 21986K, capacity 22812K, committed 23088K, reserved 1069056K
  class space    used 2659K, capacity 3113K, committed 3200K, reserved 1048576K
}
Event: 1.244 GC heap after
{Heap after GC invocations=9 (full 0):
 garbage-first heap   total 36864K, used 8276K [0x00000006c0000000, 0x00000007c0000000)
  region size 1024K, 1 young (1024K), 1 survivors (1024K)
 Metaspace       used 21986K, capacity 22812K, committed 23088K, reserved 1069056K
  class space    used 2659K, capacity 3113K, committed 3200K, reserved 1048576K
}
Event: 1.323 GC heap before
{Heap before GC invocations=9 (full 0):
 garbage-first heap   total 36864K, used 26708K [0x00000006c0000000, 0x00000007c0000000)
  region size 1024K, 20 young (20480K), 1 survivors (1024K)
 Metaspace       used 22119K, capacity 22994K, committed 23088K, reserved 1069056K
  class space    used 2701K, capacity 3176K, committed 3200K, reserved 1048576K
}
Event: 1.324 GC heap after
{Heap after GC invocations=10 (full 0):
 garbage-first heap   total 36864K, used 8259K [0x00000006c0000000, 0x00000007c0000000)
  region size 1024K, 1 young (1024K), 1 survivors (1024K)
 Metaspace       used 22119K, capacity 22994K, committed 23088K, reserved 1069056K
  class space    used 2701K, capacity 3176K, committed 3200K, reserved 1048576K
}
Event: 1.345 GC heap before
{Heap before GC invocations=10 (full 0):
 garbage-first heap   total 36864K, used 26691K [0x00000006c0000000, 0x00000007c0000000)
  region size 1024K, 20 young (20480K), 1 survivors (1024K)
 Metaspace       used 22459K, capacity 23367K, committed 23472K, reserved 1069056K
  class space    used 2793K, capacity 3306K, committed 3328K, reserved 1048576K
}
Event: 1.349 GC heap after
{Heap after GC invocations=11 (full 0):
 garbage-first heap   total 36864K, used 12322K [0x00000006c0000000, 0x00000007c0000000)
  region size 1024K, 3 young (3072K), 3 survivors (3072K)
 Metaspace       used 22459K, capacity 23367K, committed 23472K, reserved 1069056K
  class space    used 2793K, capacity 3306K, committed 3328K, reserved 1048576K
}
Event: 1.369 GC heap before
{Heap before GC invocations=11 (full 0):
 garbage-first heap   total 36864K, used 26658K [0x00000006c0000000, 0x00000007c0000000)
  region size 1024K, 17 young (17408K), 3 survivors (3072K)
 Metaspace       used 22491K, capacity 23370K, committed 23472K, reserved 1069056K
  class space    used 2794K, capacity 3306K, committed 3328K, reserved 1048576K
}
Event: 1.372 GC heap after
{Heap after GC invocations=12 (full 0):
 garbage-first heap   total 149504K, used 12482K [0x00000006c0000000, 0x00000007c0000000)
  region size 1024K, 2 young (2048K), 2 survivors (2048K)
 Metaspace       used 22491K, capacity 23370K, committed 23472K, reserved 1069056K
  class space    used 2794K, capacity 3306K, committed 3328K, reserved 1048576K
}

